<?xml version="1.0" encoding="UTF-8"?>
<testsuite xmlns:xsi="http://www.w3.org/2001/XMLSchema-instance" xsi:noNamespaceSchemaLocation="https://maven.apache.org/surefire/maven-surefire-plugin/xsd/surefire-test-report-3.0.xsd" version="3.0" name="com.ngueno.juno.sdk.config.JunoSdkWebhooksConfigTest" time="0.426" tests="3" errors="0" skipped="0" failures="0">
  <properties>
[...]
</properties>
  <testcase name="autoConfigureOrder" classname="com.ngueno.juno.sdk.config.JunoSdkWebhooksConfigTest" time="0.4"/>
  <testcase name="imports" classname="com.ngueno.juno.sdk.config.JunoSdkWebhooksConfigTest" time="0.006"/>
  <testcase name="configuration" classname="com.ngueno.juno.sdk.config.JunoSdkWebhooksConfigTest" time="0.001"/>
</testsuite>